Traceback (most recent call last):
  File "launch_movie.py", line 15, in <module>
    cmdline.execute("scrapy crawl moviespider".split())
  File "/usr/local/lib/python3.6/site-packages/scrapy/cmdline.py", line 149, in execute
    cmd.crawler_process = CrawlerProcess(settings)
  File "/usr/local/lib/python3.6/site-packages/scrapy/crawler.py", line 249, in __init__
    super(CrawlerProcess, self).__init__(settings)
  File "/usr/local/lib/python3.6/site-packages/scrapy/crawler.py", line 137, in __init__
    self.spider_loader = _get_spider_loader(settings)
  File "/usr/local/lib/python3.6/site-packages/scrapy/crawler.py", line 336, in _get_spider_loader
    return loader_cls.from_settings(settings.frozencopy())
  File "/usr/local/lib/python3.6/site-packages/scrapy/spiderloader.py", line 61, in from_settings
    return cls(settings)
  File "/usr/local/lib/python3.6/site-packages/scrapy/spiderloader.py", line 25, in __init__
    self._load_all_spiders()
  File "/usr/local/lib/python3.6/site-packages/scrapy/spiderloader.py", line 47, in _load_all_spiders
    for module in walk_modules(name):
  File "/usr/local/lib/python3.6/site-packages/scrapy/utils/misc.py", line 71, in walk_modules
    submod = import_module(fullpath)
  File "/usr/local/Cellar/python/3.6.5_1/Frameworks/Python.framework/Versions/3.6/lib/python3.6/importlib/__init__.py", line 126, in import_module
    return _bootstrap._gcd_import(name[level:], package, level)
  File "<frozen importlib._bootstrap>", line 994, in _gcd_import
  File "<frozen importlib._bootstrap>", line 971, in _find_and_load
  File "<frozen importlib._bootstrap>", line 955, in _find_and_load_unlocked
  File "<frozen importlib._bootstrap>", line 665, in _load_unlocked
  File "<frozen importlib._bootstrap_external>", line 678, in exec_module
  File "<frozen importlib._bootstrap>", line 219, in _call_with_frames_removed
  File "/Users/yuxuecheng/Learn/Source/github/scrapy_spiders/douban_spider/douban_spider/spiders/movie_spider.py", line 16, in <module>
    import chardet
ModuleNotFoundError: No module named 'chardet'
